  Muzeul antipa.cpp
C:\Users\George\Desktop\Repository G3D\ProiectG3D\ProiectG3D\Muzeul antipa\OBJ_Loader.h(652,25): warning C4018: '<': signed/unsigned mismatch
  (compiling source file 'Muzeul%20antipa.cpp')
  
C:\Users\George\Desktop\Repository G3D\ProiectG3D\ProiectG3D\Muzeul antipa\OBJ_Loader.h(689,22): warning C4018: '<': signed/unsigned mismatch
  (compiling source file 'Muzeul%20antipa.cpp')
  
C:\Users\George\Desktop\Repository G3D\ProiectG3D\ProiectG3D\Muzeul antipa\OBJ_Loader.h(695,23): warning C4018: '<': signed/unsigned mismatch
  (compiling source file 'Muzeul%20antipa.cpp')
  
C:\Users\George\Desktop\Repository G3D\ProiectG3D\ProiectG3D\Muzeul antipa\OBJ_Loader.h(949,18): warning C4244: 'initializing': conversion from 'double' to 'float', possible loss of data
  (compiling source file 'Muzeul%20antipa.cpp')
  
C:\Users\George\Desktop\Repository G3D\ProiectG3D\ProiectG3D\Muzeul antipa\Muzeul antipa.cpp(216,21): warning C4244: '=': conversion from 'double' to 'T', possible loss of data
C:\Users\George\Desktop\Repository G3D\ProiectG3D\ProiectG3D\Muzeul antipa\Muzeul antipa.cpp(216,21): warning C4244:         with
C:\Users\George\Desktop\Repository G3D\ProiectG3D\ProiectG3D\Muzeul antipa\Muzeul antipa.cpp(216,21): warning C4244:         [
C:\Users\George\Desktop\Repository G3D\ProiectG3D\ProiectG3D\Muzeul antipa\Muzeul antipa.cpp(216,21): warning C4244:             T=float
C:\Users\George\Desktop\Repository G3D\ProiectG3D\ProiectG3D\Muzeul antipa\Muzeul antipa.cpp(216,21): warning C4244:         ]
C:\Users\George\Desktop\Repository G3D\ProiectG3D\ProiectG3D\Muzeul antipa\Muzeul antipa.cpp(217,21): warning C4244: '=': conversion from 'double' to 'T', possible loss of data
C:\Users\George\Desktop\Repository G3D\ProiectG3D\ProiectG3D\Muzeul antipa\Muzeul antipa.cpp(217,21): warning C4244:         with
C:\Users\George\Desktop\Repository G3D\ProiectG3D\ProiectG3D\Muzeul antipa\Muzeul antipa.cpp(217,21): warning C4244:         [
C:\Users\George\Desktop\Repository G3D\ProiectG3D\ProiectG3D\Muzeul antipa\Muzeul antipa.cpp(217,21): warning C4244:             T=float
C:\Users\George\Desktop\Repository G3D\ProiectG3D\ProiectG3D\Muzeul antipa\Muzeul antipa.cpp(217,21): warning C4244:         ]
C:\Users\George\Desktop\Repository G3D\ProiectG3D\ProiectG3D\Muzeul antipa\Muzeul antipa.cpp(737,21): warning C4018: '<': signed/unsigned mismatch
C:\Users\George\Desktop\Repository G3D\ProiectG3D\ProiectG3D\Muzeul antipa\Muzeul antipa.cpp(742,22): warning C4018: '<': signed/unsigned mismatch
C:\Users\George\Desktop\Repository G3D\ProiectG3D\ProiectG3D\Muzeul antipa\Muzeul antipa.cpp(754,22): warning C4018: '<': signed/unsigned mismatch
C:\Users\George\Desktop\Repository G3D\ProiectG3D\ProiectG3D\Muzeul antipa\Muzeul antipa.cpp(759,22): warning C4018: '<': signed/unsigned mismatch
C:\Users\George\Desktop\Repository G3D\ProiectG3D\ProiectG3D\Muzeul antipa\Muzeul antipa.cpp(765,22): warning C4018: '<': signed/unsigned mismatch
C:\Users\George\Desktop\Repository G3D\ProiectG3D\ProiectG3D\Muzeul antipa\Muzeul antipa.cpp(767,29): warning C4244: '=': conversion from '_Ty' to 'unsigned int', possible loss of data
C:\Users\George\Desktop\Repository G3D\ProiectG3D\ProiectG3D\Muzeul antipa\Muzeul antipa.cpp(767,29): warning C4244:         with
C:\Users\George\Desktop\Repository G3D\ProiectG3D\ProiectG3D\Muzeul antipa\Muzeul antipa.cpp(767,29): warning C4244:         [
C:\Users\George\Desktop\Repository G3D\ProiectG3D\ProiectG3D\Muzeul antipa\Muzeul antipa.cpp(767,29): warning C4244:             _Ty=float
C:\Users\George\Desktop\Repository G3D\ProiectG3D\ProiectG3D\Muzeul antipa\Muzeul antipa.cpp(767,29): warning C4244:         ]
C:\Users\George\Desktop\Repository G3D\ProiectG3D\ProiectG3D\Muzeul antipa\Muzeul antipa.cpp(946,21): warning C4018: '<': signed/unsigned mismatch
C:\Users\George\Desktop\Repository G3D\ProiectG3D\ProiectG3D\Muzeul antipa\Muzeul antipa.cpp(960,21): warning C4018: '<': signed/unsigned mismatch
C:\Users\George\Desktop\Repository G3D\ProiectG3D\ProiectG3D\Muzeul antipa\Muzeul antipa.cpp(965,21): warning C4018: '<': signed/unsigned mismatch
C:\Users\George\Desktop\Repository G3D\ProiectG3D\ProiectG3D\Muzeul antipa\Muzeul antipa.cpp(971,21): warning C4018: '<': signed/unsigned mismatch
C:\Users\George\Desktop\Repository G3D\ProiectG3D\ProiectG3D\Muzeul antipa\Muzeul antipa.cpp(973,29): warning C4244: '=': conversion from '_Ty' to 'unsigned int', possible loss of data
C:\Users\George\Desktop\Repository G3D\ProiectG3D\ProiectG3D\Muzeul antipa\Muzeul antipa.cpp(973,29): warning C4244:         with
C:\Users\George\Desktop\Repository G3D\ProiectG3D\ProiectG3D\Muzeul antipa\Muzeul antipa.cpp(973,29): warning C4244:         [
C:\Users\George\Desktop\Repository G3D\ProiectG3D\ProiectG3D\Muzeul antipa\Muzeul antipa.cpp(973,29): warning C4244:             _Ty=float
C:\Users\George\Desktop\Repository G3D\ProiectG3D\ProiectG3D\Muzeul antipa\Muzeul antipa.cpp(973,29): warning C4244:         ]
C:\Users\George\Desktop\Repository G3D\ProiectG3D\ProiectG3D\Muzeul antipa\Muzeul antipa.cpp(1029,21): warning C4018: '<': signed/unsigned mismatch
C:\Users\George\Desktop\Repository G3D\ProiectG3D\ProiectG3D\Muzeul antipa\Muzeul antipa.cpp(1043,21): warning C4018: '<': signed/unsigned mismatch
C:\Users\George\Desktop\Repository G3D\ProiectG3D\ProiectG3D\Muzeul antipa\Muzeul antipa.cpp(1048,21): warning C4018: '<': signed/unsigned mismatch
C:\Users\George\Desktop\Repository G3D\ProiectG3D\ProiectG3D\Muzeul antipa\Muzeul antipa.cpp(1054,21): warning C4018: '<': signed/unsigned mismatch
C:\Users\George\Desktop\Repository G3D\ProiectG3D\ProiectG3D\Muzeul antipa\Muzeul antipa.cpp(1056,29): warning C4244: '=': conversion from '_Ty' to 'unsigned int', possible loss of data
C:\Users\George\Desktop\Repository G3D\ProiectG3D\ProiectG3D\Muzeul antipa\Muzeul antipa.cpp(1056,29): warning C4244:         with
C:\Users\George\Desktop\Repository G3D\ProiectG3D\ProiectG3D\Muzeul antipa\Muzeul antipa.cpp(1056,29): warning C4244:         [
C:\Users\George\Desktop\Repository G3D\ProiectG3D\ProiectG3D\Muzeul antipa\Muzeul antipa.cpp(1056,29): warning C4244:             _Ty=float
C:\Users\George\Desktop\Repository G3D\ProiectG3D\ProiectG3D\Muzeul antipa\Muzeul antipa.cpp(1056,29): warning C4244:         ]
C:\Users\George\Desktop\Repository G3D\ProiectG3D\ProiectG3D\Muzeul antipa\Muzeul antipa.cpp(1151,21): warning C4018: '<': signed/unsigned mismatch
C:\Users\George\Desktop\Repository G3D\ProiectG3D\ProiectG3D\Muzeul antipa\Muzeul antipa.cpp(1165,21): warning C4018: '<': signed/unsigned mismatch
C:\Users\George\Desktop\Repository G3D\ProiectG3D\ProiectG3D\Muzeul antipa\Muzeul antipa.cpp(1170,21): warning C4018: '<': signed/unsigned mismatch
C:\Users\George\Desktop\Repository G3D\ProiectG3D\ProiectG3D\Muzeul antipa\Muzeul antipa.cpp(1176,21): warning C4018: '<': signed/unsigned mismatch
C:\Users\George\Desktop\Repository G3D\ProiectG3D\ProiectG3D\Muzeul antipa\Muzeul antipa.cpp(1178,29): warning C4244: '=': conversion from '_Ty' to 'unsigned int', possible loss of data
C:\Users\George\Desktop\Repository G3D\ProiectG3D\ProiectG3D\Muzeul antipa\Muzeul antipa.cpp(1178,29): warning C4244:         with
C:\Users\George\Desktop\Repository G3D\ProiectG3D\ProiectG3D\Muzeul antipa\Muzeul antipa.cpp(1178,29): warning C4244:         [
C:\Users\George\Desktop\Repository G3D\ProiectG3D\ProiectG3D\Muzeul antipa\Muzeul antipa.cpp(1178,29): warning C4244:             _Ty=float
C:\Users\George\Desktop\Repository G3D\ProiectG3D\ProiectG3D\Muzeul antipa\Muzeul antipa.cpp(1178,29): warning C4244:         ]
C:\Users\George\Desktop\Repository G3D\ProiectG3D\ProiectG3D\Muzeul antipa\Muzeul antipa.cpp(1234,21): warning C4018: '<': signed/unsigned mismatch
C:\Users\George\Desktop\Repository G3D\ProiectG3D\ProiectG3D\Muzeul antipa\Muzeul antipa.cpp(1248,21): warning C4018: '<': signed/unsigned mismatch
C:\Users\George\Desktop\Repository G3D\ProiectG3D\ProiectG3D\Muzeul antipa\Muzeul antipa.cpp(1253,21): warning C4018: '<': signed/unsigned mismatch
C:\Users\George\Desktop\Repository G3D\ProiectG3D\ProiectG3D\Muzeul antipa\Muzeul antipa.cpp(1259,21): warning C4018: '<': signed/unsigned mismatch
C:\Users\George\Desktop\Repository G3D\ProiectG3D\ProiectG3D\Muzeul antipa\Muzeul antipa.cpp(1261,29): warning C4244: '=': conversion from '_Ty' to 'unsigned int', possible loss of data
C:\Users\George\Desktop\Repository G3D\ProiectG3D\ProiectG3D\Muzeul antipa\Muzeul antipa.cpp(1261,29): warning C4244:         with
C:\Users\George\Desktop\Repository G3D\ProiectG3D\ProiectG3D\Muzeul antipa\Muzeul antipa.cpp(1261,29): warning C4244:         [
C:\Users\George\Desktop\Repository G3D\ProiectG3D\ProiectG3D\Muzeul antipa\Muzeul antipa.cpp(1261,29): warning C4244:             _Ty=float
C:\Users\George\Desktop\Repository G3D\ProiectG3D\ProiectG3D\Muzeul antipa\Muzeul antipa.cpp(1261,29): warning C4244:         ]
C:\Users\George\Desktop\Repository G3D\ProiectG3D\ProiectG3D\Muzeul antipa\Muzeul antipa.cpp(1509,21): warning C4018: '<': signed/unsigned mismatch
C:\Users\George\Desktop\Repository G3D\ProiectG3D\ProiectG3D\Muzeul antipa\Muzeul antipa.cpp(1521,21): warning C4018: '<': signed/unsigned mismatch
C:\Users\George\Desktop\Repository G3D\ProiectG3D\ProiectG3D\Muzeul antipa\Muzeul antipa.cpp(1526,21): warning C4018: '<': signed/unsigned mismatch
C:\Users\George\Desktop\Repository G3D\ProiectG3D\ProiectG3D\Muzeul antipa\Muzeul antipa.cpp(1532,21): warning C4018: '<': signed/unsigned mismatch
C:\Users\George\Desktop\Repository G3D\ProiectG3D\ProiectG3D\Muzeul antipa\Muzeul antipa.cpp(1534,29): warning C4244: '=': conversion from '_Ty' to 'unsigned int', possible loss of data
C:\Users\George\Desktop\Repository G3D\ProiectG3D\ProiectG3D\Muzeul antipa\Muzeul antipa.cpp(1534,29): warning C4244:         with
C:\Users\George\Desktop\Repository G3D\ProiectG3D\ProiectG3D\Muzeul antipa\Muzeul antipa.cpp(1534,29): warning C4244:         [
C:\Users\George\Desktop\Repository G3D\ProiectG3D\ProiectG3D\Muzeul antipa\Muzeul antipa.cpp(1534,29): warning C4244:             _Ty=float
C:\Users\George\Desktop\Repository G3D\ProiectG3D\ProiectG3D\Muzeul antipa\Muzeul antipa.cpp(1534,29): warning C4244:         ]
C:\Users\George\Desktop\Repository G3D\ProiectG3D\ProiectG3D\Muzeul antipa\Muzeul antipa.cpp(1591,21): warning C4018: '<': signed/unsigned mismatch
C:\Users\George\Desktop\Repository G3D\ProiectG3D\ProiectG3D\Muzeul antipa\Muzeul antipa.cpp(1605,21): warning C4018: '<': signed/unsigned mismatch
C:\Users\George\Desktop\Repository G3D\ProiectG3D\ProiectG3D\Muzeul antipa\Muzeul antipa.cpp(1610,21): warning C4018: '<': signed/unsigned mismatch
C:\Users\George\Desktop\Repository G3D\ProiectG3D\ProiectG3D\Muzeul antipa\Muzeul antipa.cpp(1616,21): warning C4018: '<': signed/unsigned mismatch
C:\Users\George\Desktop\Repository G3D\ProiectG3D\ProiectG3D\Muzeul antipa\Muzeul antipa.cpp(1618,29): warning C4244: '=': conversion from '_Ty' to 'unsigned int', possible loss of data
C:\Users\George\Desktop\Repository G3D\ProiectG3D\ProiectG3D\Muzeul antipa\Muzeul antipa.cpp(1618,29): warning C4244:         with
C:\Users\George\Desktop\Repository G3D\ProiectG3D\ProiectG3D\Muzeul antipa\Muzeul antipa.cpp(1618,29): warning C4244:         [
C:\Users\George\Desktop\Repository G3D\ProiectG3D\ProiectG3D\Muzeul antipa\Muzeul antipa.cpp(1618,29): warning C4244:             _Ty=float
C:\Users\George\Desktop\Repository G3D\ProiectG3D\ProiectG3D\Muzeul antipa\Muzeul antipa.cpp(1618,29): warning C4244:         ]
C:\Users\George\Desktop\Repository G3D\ProiectG3D\ProiectG3D\Muzeul antipa\Muzeul antipa.cpp(1675,21): warning C4018: '<': signed/unsigned mismatch
C:\Users\George\Desktop\Repository G3D\ProiectG3D\ProiectG3D\Muzeul antipa\Muzeul antipa.cpp(1689,21): warning C4018: '<': signed/unsigned mismatch
C:\Users\George\Desktop\Repository G3D\ProiectG3D\ProiectG3D\Muzeul antipa\Muzeul antipa.cpp(1694,21): warning C4018: '<': signed/unsigned mismatch
C:\Users\George\Desktop\Repository G3D\ProiectG3D\ProiectG3D\Muzeul antipa\Muzeul antipa.cpp(1700,21): warning C4018: '<': signed/unsigned mismatch
C:\Users\George\Desktop\Repository G3D\ProiectG3D\ProiectG3D\Muzeul antipa\Muzeul antipa.cpp(1702,29): warning C4244: '=': conversion from '_Ty' to 'unsigned int', possible loss of data
C:\Users\George\Desktop\Repository G3D\ProiectG3D\ProiectG3D\Muzeul antipa\Muzeul antipa.cpp(1702,29): warning C4244:         with
C:\Users\George\Desktop\Repository G3D\ProiectG3D\ProiectG3D\Muzeul antipa\Muzeul antipa.cpp(1702,29): warning C4244:         [
C:\Users\George\Desktop\Repository G3D\ProiectG3D\ProiectG3D\Muzeul antipa\Muzeul antipa.cpp(1702,29): warning C4244:             _Ty=float
C:\Users\George\Desktop\Repository G3D\ProiectG3D\ProiectG3D\Muzeul antipa\Muzeul antipa.cpp(1702,29): warning C4244:         ]
C:\Users\George\Desktop\Repository G3D\ProiectG3D\ProiectG3D\Muzeul antipa\Muzeul antipa.cpp(1757,21): warning C4018: '<': signed/unsigned mismatch
C:\Users\George\Desktop\Repository G3D\ProiectG3D\ProiectG3D\Muzeul antipa\Muzeul antipa.cpp(1771,21): warning C4018: '<': signed/unsigned mismatch
C:\Users\George\Desktop\Repository G3D\ProiectG3D\ProiectG3D\Muzeul antipa\Muzeul antipa.cpp(1776,21): warning C4018: '<': signed/unsigned mismatch
C:\Users\George\Desktop\Repository G3D\ProiectG3D\ProiectG3D\Muzeul antipa\Muzeul antipa.cpp(1782,21): warning C4018: '<': signed/unsigned mismatch
C:\Users\George\Desktop\Repository G3D\ProiectG3D\ProiectG3D\Muzeul antipa\Muzeul antipa.cpp(1784,32): warning C4244: '=': conversion from '_Ty' to 'unsigned int', possible loss of data
C:\Users\George\Desktop\Repository G3D\ProiectG3D\ProiectG3D\Muzeul antipa\Muzeul antipa.cpp(1784,32): warning C4244:         with
C:\Users\George\Desktop\Repository G3D\ProiectG3D\ProiectG3D\Muzeul antipa\Muzeul antipa.cpp(1784,32): warning C4244:         [
C:\Users\George\Desktop\Repository G3D\ProiectG3D\ProiectG3D\Muzeul antipa\Muzeul antipa.cpp(1784,32): warning C4244:             _Ty=float
C:\Users\George\Desktop\Repository G3D\ProiectG3D\ProiectG3D\Muzeul antipa\Muzeul antipa.cpp(1784,32): warning C4244:         ]
C:\Users\George\Desktop\Repository G3D\ProiectG3D\ProiectG3D\Muzeul antipa\Muzeul antipa.cpp(1840,21): warning C4018: '<': signed/unsigned mismatch
C:\Users\George\Desktop\Repository G3D\ProiectG3D\ProiectG3D\Muzeul antipa\Muzeul antipa.cpp(1854,21): warning C4018: '<': signed/unsigned mismatch
C:\Users\George\Desktop\Repository G3D\ProiectG3D\ProiectG3D\Muzeul antipa\Muzeul antipa.cpp(1859,21): warning C4018: '<': signed/unsigned mismatch
C:\Users\George\Desktop\Repository G3D\ProiectG3D\ProiectG3D\Muzeul antipa\Muzeul antipa.cpp(1865,21): warning C4018: '<': signed/unsigned mismatch
C:\Users\George\Desktop\Repository G3D\ProiectG3D\ProiectG3D\Muzeul antipa\Muzeul antipa.cpp(1867,35): warning C4244: '=': conversion from '_Ty' to 'unsigned int', possible loss of data
C:\Users\George\Desktop\Repository G3D\ProiectG3D\ProiectG3D\Muzeul antipa\Muzeul antipa.cpp(1867,35): warning C4244:         with
C:\Users\George\Desktop\Repository G3D\ProiectG3D\ProiectG3D\Muzeul antipa\Muzeul antipa.cpp(1867,35): warning C4244:         [
C:\Users\George\Desktop\Repository G3D\ProiectG3D\ProiectG3D\Muzeul antipa\Muzeul antipa.cpp(1867,35): warning C4244:             _Ty=float
C:\Users\George\Desktop\Repository G3D\ProiectG3D\ProiectG3D\Muzeul antipa\Muzeul antipa.cpp(1867,35): warning C4244:         ]
C:\Users\George\Desktop\Repository G3D\ProiectG3D\ProiectG3D\Muzeul antipa\Muzeul antipa.cpp(1922,21): warning C4018: '<': signed/unsigned mismatch
C:\Users\George\Desktop\Repository G3D\ProiectG3D\ProiectG3D\Muzeul antipa\Muzeul antipa.cpp(1936,21): warning C4018: '<': signed/unsigned mismatch
C:\Users\George\Desktop\Repository G3D\ProiectG3D\ProiectG3D\Muzeul antipa\Muzeul antipa.cpp(1941,21): warning C4018: '<': signed/unsigned mismatch
C:\Users\George\Desktop\Repository G3D\ProiectG3D\ProiectG3D\Muzeul antipa\Muzeul antipa.cpp(1947,21): warning C4018: '<': signed/unsigned mismatch
C:\Users\George\Desktop\Repository G3D\ProiectG3D\ProiectG3D\Muzeul antipa\Muzeul antipa.cpp(1949,33): warning C4244: '=': conversion from '_Ty' to 'unsigned int', possible loss of data
C:\Users\George\Desktop\Repository G3D\ProiectG3D\ProiectG3D\Muzeul antipa\Muzeul antipa.cpp(1949,33): warning C4244:         with
C:\Users\George\Desktop\Repository G3D\ProiectG3D\ProiectG3D\Muzeul antipa\Muzeul antipa.cpp(1949,33): warning C4244:         [
C:\Users\George\Desktop\Repository G3D\ProiectG3D\ProiectG3D\Muzeul antipa\Muzeul antipa.cpp(1949,33): warning C4244:             _Ty=float
C:\Users\George\Desktop\Repository G3D\ProiectG3D\ProiectG3D\Muzeul antipa\Muzeul antipa.cpp(1949,33): warning C4244:         ]
C:\Users\George\Desktop\Repository G3D\ProiectG3D\ProiectG3D\Muzeul antipa\Muzeul antipa.cpp(2005,21): warning C4018: '<': signed/unsigned mismatch
C:\Users\George\Desktop\Repository G3D\ProiectG3D\ProiectG3D\Muzeul antipa\Muzeul antipa.cpp(2019,21): warning C4018: '<': signed/unsigned mismatch
C:\Users\George\Desktop\Repository G3D\ProiectG3D\ProiectG3D\Muzeul antipa\Muzeul antipa.cpp(2024,21): warning C4018: '<': signed/unsigned mismatch
C:\Users\George\Desktop\Repository G3D\ProiectG3D\ProiectG3D\Muzeul antipa\Muzeul antipa.cpp(2030,21): warning C4018: '<': signed/unsigned mismatch
C:\Users\George\Desktop\Repository G3D\ProiectG3D\ProiectG3D\Muzeul antipa\Muzeul antipa.cpp(2032,34): warning C4244: '=': conversion from '_Ty' to 'unsigned int', possible loss of data
C:\Users\George\Desktop\Repository G3D\ProiectG3D\ProiectG3D\Muzeul antipa\Muzeul antipa.cpp(2032,34): warning C4244:         with
C:\Users\George\Desktop\Repository G3D\ProiectG3D\ProiectG3D\Muzeul antipa\Muzeul antipa.cpp(2032,34): warning C4244:         [
C:\Users\George\Desktop\Repository G3D\ProiectG3D\ProiectG3D\Muzeul antipa\Muzeul antipa.cpp(2032,34): warning C4244:             _Ty=float
C:\Users\George\Desktop\Repository G3D\ProiectG3D\ProiectG3D\Muzeul antipa\Muzeul antipa.cpp(2032,34): warning C4244:         ]
C:\Users\George\Desktop\Repository G3D\ProiectG3D\ProiectG3D\Muzeul antipa\Muzeul antipa.cpp(2088,21): warning C4018: '<': signed/unsigned mismatch
C:\Users\George\Desktop\Repository G3D\ProiectG3D\ProiectG3D\Muzeul antipa\Muzeul antipa.cpp(2102,21): warning C4018: '<': signed/unsigned mismatch
C:\Users\George\Desktop\Repository G3D\ProiectG3D\ProiectG3D\Muzeul antipa\Muzeul antipa.cpp(2107,21): warning C4018: '<': signed/unsigned mismatch
C:\Users\George\Desktop\Repository G3D\ProiectG3D\ProiectG3D\Muzeul antipa\Muzeul antipa.cpp(2113,21): warning C4018: '<': signed/unsigned mismatch
C:\Users\George\Desktop\Repository G3D\ProiectG3D\ProiectG3D\Muzeul antipa\Muzeul antipa.cpp(2115,31): warning C4244: '=': conversion from '_Ty' to 'unsigned int', possible loss of data
C:\Users\George\Desktop\Repository G3D\ProiectG3D\ProiectG3D\Muzeul antipa\Muzeul antipa.cpp(2115,31): warning C4244:         with
C:\Users\George\Desktop\Repository G3D\ProiectG3D\ProiectG3D\Muzeul antipa\Muzeul antipa.cpp(2115,31): warning C4244:         [
C:\Users\George\Desktop\Repository G3D\ProiectG3D\ProiectG3D\Muzeul antipa\Muzeul antipa.cpp(2115,31): warning C4244:             _Ty=float
C:\Users\George\Desktop\Repository G3D\ProiectG3D\ProiectG3D\Muzeul antipa\Muzeul antipa.cpp(2115,31): warning C4244:         ]
C:\Users\George\Desktop\Repository G3D\ProiectG3D\ProiectG3D\Muzeul antipa\Muzeul antipa.cpp(2171,21): warning C4018: '<': signed/unsigned mismatch
C:\Users\George\Desktop\Repository G3D\ProiectG3D\ProiectG3D\Muzeul antipa\Muzeul antipa.cpp(2185,21): warning C4018: '<': signed/unsigned mismatch
C:\Users\George\Desktop\Repository G3D\ProiectG3D\ProiectG3D\Muzeul antipa\Muzeul antipa.cpp(2190,21): warning C4018: '<': signed/unsigned mismatch
C:\Users\George\Desktop\Repository G3D\ProiectG3D\ProiectG3D\Muzeul antipa\Muzeul antipa.cpp(2196,21): warning C4018: '<': signed/unsigned mismatch
C:\Users\George\Desktop\Repository G3D\ProiectG3D\ProiectG3D\Muzeul antipa\Muzeul antipa.cpp(2198,30): warning C4244: '=': conversion from '_Ty' to 'unsigned int', possible loss of data
C:\Users\George\Desktop\Repository G3D\ProiectG3D\ProiectG3D\Muzeul antipa\Muzeul antipa.cpp(2198,30): warning C4244:         with
C:\Users\George\Desktop\Repository G3D\ProiectG3D\ProiectG3D\Muzeul antipa\Muzeul antipa.cpp(2198,30): warning C4244:         [
C:\Users\George\Desktop\Repository G3D\ProiectG3D\ProiectG3D\Muzeul antipa\Muzeul antipa.cpp(2198,30): warning C4244:             _Ty=float
C:\Users\George\Desktop\Repository G3D\ProiectG3D\ProiectG3D\Muzeul antipa\Muzeul antipa.cpp(2198,30): warning C4244:         ]
C:\Users\George\Desktop\Repository G3D\ProiectG3D\ProiectG3D\Muzeul antipa\Muzeul antipa.cpp(2581,21): warning C4018: '<': signed/unsigned mismatch
C:\Users\George\Desktop\Repository G3D\ProiectG3D\ProiectG3D\Muzeul antipa\Muzeul antipa.cpp(2595,21): warning C4018: '<': signed/unsigned mismatch
C:\Users\George\Desktop\Repository G3D\ProiectG3D\ProiectG3D\Muzeul antipa\Muzeul antipa.cpp(2600,21): warning C4018: '<': signed/unsigned mismatch
C:\Users\George\Desktop\Repository G3D\ProiectG3D\ProiectG3D\Muzeul antipa\Muzeul antipa.cpp(2606,21): warning C4018: '<': signed/unsigned mismatch
C:\Users\George\Desktop\Repository G3D\ProiectG3D\ProiectG3D\Muzeul antipa\Muzeul antipa.cpp(2608,30): warning C4244: '=': conversion from '_Ty' to 'unsigned int', possible loss of data
C:\Users\George\Desktop\Repository G3D\ProiectG3D\ProiectG3D\Muzeul antipa\Muzeul antipa.cpp(2608,30): warning C4244:         with
C:\Users\George\Desktop\Repository G3D\ProiectG3D\ProiectG3D\Muzeul antipa\Muzeul antipa.cpp(2608,30): warning C4244:         [
C:\Users\George\Desktop\Repository G3D\ProiectG3D\ProiectG3D\Muzeul antipa\Muzeul antipa.cpp(2608,30): warning C4244:             _Ty=float
C:\Users\George\Desktop\Repository G3D\ProiectG3D\ProiectG3D\Muzeul antipa\Muzeul antipa.cpp(2608,30): warning C4244:         ]
C:\Users\George\Desktop\Repository G3D\ProiectG3D\ProiectG3D\Muzeul antipa\Muzeul antipa.cpp(2663,21): warning C4018: '<': signed/unsigned mismatch
C:\Users\George\Desktop\Repository G3D\ProiectG3D\ProiectG3D\Muzeul antipa\Muzeul antipa.cpp(2677,21): warning C4018: '<': signed/unsigned mismatch
C:\Users\George\Desktop\Repository G3D\ProiectG3D\ProiectG3D\Muzeul antipa\Muzeul antipa.cpp(2682,21): warning C4018: '<': signed/unsigned mismatch
C:\Users\George\Desktop\Repository G3D\ProiectG3D\ProiectG3D\Muzeul antipa\Muzeul antipa.cpp(2688,21): warning C4018: '<': signed/unsigned mismatch
C:\Users\George\Desktop\Repository G3D\ProiectG3D\ProiectG3D\Muzeul antipa\Muzeul antipa.cpp(2690,30): warning C4244: '=': conversion from '_Ty' to 'unsigned int', possible loss of data
C:\Users\George\Desktop\Repository G3D\ProiectG3D\ProiectG3D\Muzeul antipa\Muzeul antipa.cpp(2690,30): warning C4244:         with
C:\Users\George\Desktop\Repository G3D\ProiectG3D\ProiectG3D\Muzeul antipa\Muzeul antipa.cpp(2690,30): warning C4244:         [
C:\Users\George\Desktop\Repository G3D\ProiectG3D\ProiectG3D\Muzeul antipa\Muzeul antipa.cpp(2690,30): warning C4244:             _Ty=float
C:\Users\George\Desktop\Repository G3D\ProiectG3D\ProiectG3D\Muzeul antipa\Muzeul antipa.cpp(2690,30): warning C4244:         ]
C:\Users\George\Desktop\Repository G3D\ProiectG3D\ProiectG3D\Muzeul antipa\Muzeul antipa.cpp(2745,21): warning C4018: '<': signed/unsigned mismatch
C:\Users\George\Desktop\Repository G3D\ProiectG3D\ProiectG3D\Muzeul antipa\Muzeul antipa.cpp(2759,21): warning C4018: '<': signed/unsigned mismatch
C:\Users\George\Desktop\Repository G3D\ProiectG3D\ProiectG3D\Muzeul antipa\Muzeul antipa.cpp(2764,21): warning C4018: '<': signed/unsigned mismatch
C:\Users\George\Desktop\Repository G3D\ProiectG3D\ProiectG3D\Muzeul antipa\Muzeul antipa.cpp(2770,21): warning C4018: '<': signed/unsigned mismatch
C:\Users\George\Desktop\Repository G3D\ProiectG3D\ProiectG3D\Muzeul antipa\Muzeul antipa.cpp(2772,30): warning C4244: '=': conversion from '_Ty' to 'unsigned int', possible loss of data
C:\Users\George\Desktop\Repository G3D\ProiectG3D\ProiectG3D\Muzeul antipa\Muzeul antipa.cpp(2772,30): warning C4244:         with
C:\Users\George\Desktop\Repository G3D\ProiectG3D\ProiectG3D\Muzeul antipa\Muzeul antipa.cpp(2772,30): warning C4244:         [
C:\Users\George\Desktop\Repository G3D\ProiectG3D\ProiectG3D\Muzeul antipa\Muzeul antipa.cpp(2772,30): warning C4244:             _Ty=float
C:\Users\George\Desktop\Repository G3D\ProiectG3D\ProiectG3D\Muzeul antipa\Muzeul antipa.cpp(2772,30): warning C4244:         ]
C:\Users\George\Desktop\Repository G3D\ProiectG3D\ProiectG3D\Muzeul antipa\Muzeul antipa.cpp(2852,21): warning C4018: '<': signed/unsigned mismatch
C:\Users\George\Desktop\Repository G3D\ProiectG3D\ProiectG3D\Muzeul antipa\Muzeul antipa.cpp(2866,21): warning C4018: '<': signed/unsigned mismatch
C:\Users\George\Desktop\Repository G3D\ProiectG3D\ProiectG3D\Muzeul antipa\Muzeul antipa.cpp(2871,21): warning C4018: '<': signed/unsigned mismatch
C:\Users\George\Desktop\Repository G3D\ProiectG3D\ProiectG3D\Muzeul antipa\Muzeul antipa.cpp(2877,21): warning C4018: '<': signed/unsigned mismatch
C:\Users\George\Desktop\Repository G3D\ProiectG3D\ProiectG3D\Muzeul antipa\Muzeul antipa.cpp(2879,31): warning C4244: '=': conversion from '_Ty' to 'unsigned int', possible loss of data
C:\Users\George\Desktop\Repository G3D\ProiectG3D\ProiectG3D\Muzeul antipa\Muzeul antipa.cpp(2879,31): warning C4244:         with
C:\Users\George\Desktop\Repository G3D\ProiectG3D\ProiectG3D\Muzeul antipa\Muzeul antipa.cpp(2879,31): warning C4244:         [
C:\Users\George\Desktop\Repository G3D\ProiectG3D\ProiectG3D\Muzeul antipa\Muzeul antipa.cpp(2879,31): warning C4244:             _Ty=float
C:\Users\George\Desktop\Repository G3D\ProiectG3D\ProiectG3D\Muzeul antipa\Muzeul antipa.cpp(2879,31): warning C4244:         ]
C:\Users\George\Desktop\Repository G3D\ProiectG3D\ProiectG3D\Muzeul antipa\Muzeul antipa.cpp(2952,21): warning C4018: '<': signed/unsigned mismatch
C:\Users\George\Desktop\Repository G3D\ProiectG3D\ProiectG3D\Muzeul antipa\Muzeul antipa.cpp(2966,21): warning C4018: '<': signed/unsigned mismatch
C:\Users\George\Desktop\Repository G3D\ProiectG3D\ProiectG3D\Muzeul antipa\Muzeul antipa.cpp(2971,21): warning C4018: '<': signed/unsigned mismatch
C:\Users\George\Desktop\Repository G3D\ProiectG3D\ProiectG3D\Muzeul antipa\Muzeul antipa.cpp(2977,21): warning C4018: '<': signed/unsigned mismatch
C:\Users\George\Desktop\Repository G3D\ProiectG3D\ProiectG3D\Muzeul antipa\Muzeul antipa.cpp(2979,31): warning C4244: '=': conversion from '_Ty' to 'unsigned int', possible loss of data
C:\Users\George\Desktop\Repository G3D\ProiectG3D\ProiectG3D\Muzeul antipa\Muzeul antipa.cpp(2979,31): warning C4244:         with
C:\Users\George\Desktop\Repository G3D\ProiectG3D\ProiectG3D\Muzeul antipa\Muzeul antipa.cpp(2979,31): warning C4244:         [
C:\Users\George\Desktop\Repository G3D\ProiectG3D\ProiectG3D\Muzeul antipa\Muzeul antipa.cpp(2979,31): warning C4244:             _Ty=float
C:\Users\George\Desktop\Repository G3D\ProiectG3D\ProiectG3D\Muzeul antipa\Muzeul antipa.cpp(2979,31): warning C4244:         ]
C:\Users\George\Desktop\Repository G3D\ProiectG3D\ProiectG3D\Muzeul antipa\Muzeul antipa.cpp(3064,21): warning C4018: '<': signed/unsigned mismatch
C:\Users\George\Desktop\Repository G3D\ProiectG3D\ProiectG3D\Muzeul antipa\Muzeul antipa.cpp(3078,21): warning C4018: '<': signed/unsigned mismatch
C:\Users\George\Desktop\Repository G3D\ProiectG3D\ProiectG3D\Muzeul antipa\Muzeul antipa.cpp(3083,21): warning C4018: '<': signed/unsigned mismatch
C:\Users\George\Desktop\Repository G3D\ProiectG3D\ProiectG3D\Muzeul antipa\Muzeul antipa.cpp(3089,21): warning C4018: '<': signed/unsigned mismatch
C:\Users\George\Desktop\Repository G3D\ProiectG3D\ProiectG3D\Muzeul antipa\Muzeul antipa.cpp(3091,30): warning C4244: '=': conversion from '_Ty' to 'unsigned int', possible loss of data
C:\Users\George\Desktop\Repository G3D\ProiectG3D\ProiectG3D\Muzeul antipa\Muzeul antipa.cpp(3091,30): warning C4244:         with
C:\Users\George\Desktop\Repository G3D\ProiectG3D\ProiectG3D\Muzeul antipa\Muzeul antipa.cpp(3091,30): warning C4244:         [
C:\Users\George\Desktop\Repository G3D\ProiectG3D\ProiectG3D\Muzeul antipa\Muzeul antipa.cpp(3091,30): warning C4244:             _Ty=float
C:\Users\George\Desktop\Repository G3D\ProiectG3D\ProiectG3D\Muzeul antipa\Muzeul antipa.cpp(3091,30): warning C4244:         ]
C:\Users\George\Desktop\Repository G3D\ProiectG3D\ProiectG3D\Muzeul antipa\Muzeul antipa.cpp(3144,21): warning C4018: '<': signed/unsigned mismatch
C:\Users\George\Desktop\Repository G3D\ProiectG3D\ProiectG3D\Muzeul antipa\Muzeul antipa.cpp(3156,21): warning C4018: '<': signed/unsigned mismatch
C:\Users\George\Desktop\Repository G3D\ProiectG3D\ProiectG3D\Muzeul antipa\Muzeul antipa.cpp(3161,21): warning C4018: '<': signed/unsigned mismatch
C:\Users\George\Desktop\Repository G3D\ProiectG3D\ProiectG3D\Muzeul antipa\Muzeul antipa.cpp(3167,21): warning C4018: '<': signed/unsigned mismatch
C:\Users\George\Desktop\Repository G3D\ProiectG3D\ProiectG3D\Muzeul antipa\Muzeul antipa.cpp(3169,29): warning C4244: '=': conversion from '_Ty' to 'unsigned int', possible loss of data
C:\Users\George\Desktop\Repository G3D\ProiectG3D\ProiectG3D\Muzeul antipa\Muzeul antipa.cpp(3169,29): warning C4244:         with
C:\Users\George\Desktop\Repository G3D\ProiectG3D\ProiectG3D\Muzeul antipa\Muzeul antipa.cpp(3169,29): warning C4244:         [
C:\Users\George\Desktop\Repository G3D\ProiectG3D\ProiectG3D\Muzeul antipa\Muzeul antipa.cpp(3169,29): warning C4244:             _Ty=float
C:\Users\George\Desktop\Repository G3D\ProiectG3D\ProiectG3D\Muzeul antipa\Muzeul antipa.cpp(3169,29): warning C4244:         ]
  Muzeul antipa.vcxproj -> C:\Users\George\Desktop\Repository G3D\ProiectG3D\ProiectG3D\Debug\Muzeul antipa.exe
